<?xml version="1.0" encoding="UTF-8"?>
<robot generator="Robot 6.1.1 (Python 3.11.6 on win32)" generated="20240823 16:40:02.736" rpa="false" schemaversion="4">
<suite id="s1" name="Testqa2" source="C:\Users\e-antonio.vorraro\PycharmProjects\TGKTestElaborazioni\.venv\TestSuite\testqa2.robot">
<test id="s1-t1" name="TGK_URL" line="30">
<kw name="TGK_TestUrlup">
<arg>https://cpm-man-trunk-1.platformteam.saastagetik.com/tagetikcpm</arg>
<arg>$USER</arg>
<arg>$USER</arg>
<kw name="TGK_Check_enviroment_url">
<arg>${url}</arg>
<kw name="Create Browser Options">
<var>${browser_options}</var>
<doc>Create additional arguments to pass during chrome session initialization</doc>
<kw name="Log" library="BuiltIn">
<arg>Creating ${BROWSER} browser arguments</arg>
<doc>Logs the given message with the given level.</doc>
<msg timestamp="20240823 16:40:03.678" level="INFO">Creating chrome browser arguments</msg>
<status status="PASS" starttime="20240823 16:40:03.677" endtime="20240823 16:40:03.678"/>
</kw>
<kw name="Evaluate" library="BuiltIn">
<var>${browser_arguments}</var>
<arg>sys.modules['selenium.webdriver'].ChromeOptions()</arg>
<arg>sys, selenium.webdriver</arg>
<doc>Evaluates the given expression in Python and returns the result.</doc>
<msg timestamp="20240823 16:40:03.679" level="INFO">${browser_arguments} = &lt;selenium.webdriver.chrome.options.Options object at 0x000001A4CCE020D0&gt;</msg>
<status status="PASS" starttime="20240823 16:40:03.678" endtime="20240823 16:40:03.679"/>
</kw>
<if>
<branch type="IF" condition="&quot;${browser}&quot;.lower() == &quot;headlesschrome&quot;">
<kw name="Call Method" library="BuiltIn">
<arg>${browser_arguments}</arg>
<arg>add_argument</arg>
<arg>--headless</arg>
<doc>Calls the named method of the given object with the provided arguments.</doc>
<status status="NOT RUN" starttime="20240823 16:40:03.679" endtime="20240823 16:40:03.679"/>
</kw>
<status status="NOT RUN" starttime="20240823 16:40:03.679" endtime="20240823 16:40:03.679"/>
</branch>
<branch type="ELSE">
<kw name="Call Method" library="BuiltIn">
<arg>${browser_arguments}</arg>
<arg>add_argument</arg>
<arg>--start-maximized</arg>
<doc>Calls the named method of the given object with the provided arguments.</doc>
<status status="PASS" starttime="20240823 16:40:03.680" endtime="20240823 16:40:03.680"/>
</kw>
<status status="PASS" starttime="20240823 16:40:03.679" endtime="20240823 16:40:03.680"/>
</branch>
<status status="PASS" starttime="20240823 16:40:03.679" endtime="20240823 16:40:03.680"/>
</if>
<kw name="Run Keyword And Return Status" library="BuiltIn">
<var>${download_path_is_present}</var>
<arg>Variable Should Exist</arg>
<arg>${download_path}</arg>
<doc>Runs the given keyword with given arguments and returns the status as a Boolean value.</doc>
<kw name="Variable Should Exist" library="BuiltIn">
<arg>${download_path}</arg>
<doc>Fails unless the given variable exists within the current scope.</doc>
<status status="PASS" starttime="20240823 16:40:03.680" endtime="20240823 16:40:03.681"/>
</kw>
<msg timestamp="20240823 16:40:03.681" level="INFO">${download_path_is_present} = True</msg>
<status status="PASS" starttime="20240823 16:40:03.680" endtime="20240823 16:40:03.681"/>
</kw>
<if>
<branch type="IF" condition="${download_path_is_present} == True">
<kw name="Create Dictionary" library="BuiltIn">
<var>${prefs}</var>
<arg>download.default_directory=${download_path}</arg>
<doc>Creates and returns a dictionary based on the given ``items``.</doc>
<msg timestamp="20240823 16:40:03.681" level="INFO">${prefs} = {'download.default_directory': ''}</msg>
<status status="PASS" starttime="20240823 16:40:03.681" endtime="20240823 16:40:03.682"/>
</kw>
<kw name="Call Method" library="BuiltIn">
<arg>${browser_arguments}</arg>
<arg>add_experimental_option</arg>
<arg>prefs</arg>
<arg>${prefs}</arg>
<doc>Calls the named method of the given object with the provided arguments.</doc>
<status status="PASS" starttime="20240823 16:40:03.682" endtime="20240823 16:40:03.682"/>
</kw>
<status status="PASS" starttime="20240823 16:40:03.681" endtime="20240823 16:40:03.682"/>
</branch>
<status status="PASS" starttime="20240823 16:40:03.681" endtime="20240823 16:40:03.682"/>
</if>
<kw name="Call Method" library="BuiltIn">
<arg>${browser_arguments}</arg>
<arg>add_argument</arg>
<arg>--disable-dev-shm-usage</arg>
<doc>Calls the named method of the given object with the provided arguments.</doc>
<status status="PASS" starttime="20240823 16:40:03.683" endtime="20240823 16:40:03.683"/>
</kw>
<kw name="Call Method" library="BuiltIn">
<arg>${browser_arguments}</arg>
<arg>add_argument</arg>
<arg>--disable-extensions</arg>
<doc>Calls the named method of the given object with the provided arguments.</doc>
<status status="PASS" starttime="20240823 16:40:03.683" endtime="20240823 16:40:03.683"/>
</kw>
<kw name="Call Method" library="BuiltIn">
<arg>${browser_arguments}</arg>
<arg>add_argument</arg>
<arg>--disable-gpu</arg>
<doc>Calls the named method of the given object with the provided arguments.</doc>
<status status="PASS" starttime="20240823 16:40:03.684" endtime="20240823 16:40:03.684"/>
</kw>
<kw name="Call Method" library="BuiltIn">
<arg>${browser_arguments}</arg>
<arg>add_argument</arg>
<arg>--disable-infobars</arg>
<doc>Calls the named method of the given object with the provided arguments.</doc>
<status status="PASS" starttime="20240823 16:40:03.684" endtime="20240823 16:40:03.684"/>
</kw>
<kw name="Call Method" library="BuiltIn">
<arg>${browser_arguments}</arg>
<arg>add_argument</arg>
<arg>--enable-automation</arg>
<doc>Calls the named method of the given object with the provided arguments.</doc>
<status status="PASS" starttime="20240823 16:40:03.684" endtime="20240823 16:40:03.685"/>
</kw>
<kw name="Call Method" library="BuiltIn">
<arg>${browser_arguments}</arg>
<arg>add_argument</arg>
<arg>--ignore-certificate-errors</arg>
<doc>Calls the named method of the given object with the provided arguments.</doc>
<status status="PASS" starttime="20240823 16:40:03.685" endtime="20240823 16:40:03.685"/>
</kw>
<kw name="Call Method" library="BuiltIn">
<arg>${browser_arguments}</arg>
<arg>add_argument</arg>
<arg>--no-sandbox</arg>
<doc>Calls the named method of the given object with the provided arguments.</doc>
<status status="PASS" starttime="20240823 16:40:03.685" endtime="20240823 16:40:03.685"/>
</kw>
<kw name="Call Method" library="BuiltIn">
<arg>${browser_arguments}</arg>
<arg>add_argument</arg>
<arg>--disable-search-engine-choice-screen</arg>
<doc>Calls the named method of the given object with the provided arguments.</doc>
<status status="PASS" starttime="20240823 16:40:03.685" endtime="20240823 16:40:03.685"/>
</kw>
<kw name="Log" library="BuiltIn">
<arg>${browser_arguments}</arg>
<arg>DEBUG</arg>
<doc>Logs the given message with the given level.</doc>
<status status="PASS" starttime="20240823 16:40:03.686" endtime="20240823 16:40:03.686"/>
</kw>
<msg timestamp="20240823 16:40:03.686" level="INFO">${browser_options} = &lt;selenium.webdriver.chrome.options.Options object at 0x000001A4CCE020D0&gt;</msg>
<status status="PASS" starttime="20240823 16:40:03.677" endtime="20240823 16:40:03.686"/>
</kw>
<kw name="Open Browser" library="SeleniumLibrary">
<arg>${url}</arg>
<arg>${browser}</arg>
<arg>options=${browser_options}</arg>
<doc>Opens a new browser instance to the optional ``url``.</doc>
<msg timestamp="20240823 16:40:03.687" level="INFO">Opening browser 'chrome' to base url 'https://cpm-man-trunk-1.platformteam.saastagetik.com/tagetikcpm'.</msg>
<status status="PASS" starttime="20240823 16:40:03.686" endtime="20240823 16:40:09.422"/>
</kw>
<kw name="Wait Until Page Contains Element" library="SeleniumLibrary">
<arg>id:inputUsername</arg>
<arg>timeout=10s</arg>
<doc>Waits until the element ``locator`` appears on the current page.</doc>
<status status="PASS" starttime="20240823 16:40:09.423" endtime="20240823 16:40:09.436"/>
</kw>
<status status="PASS" starttime="20240823 16:40:03.677" endtime="20240823 16:40:09.436"/>
</kw>
<kw name="Authenticate to TGK">
<arg>${user}</arg>
<arg>${pass}</arg>
<doc>Wait that login form appears , populate fields with given user and password and then login.</doc>
<kw name="Set Selenium Timeout" library="SeleniumLibrary">
<arg>${selenium_timeout}</arg>
<doc>Sets the timeout that is used by various keywords.</doc>
<status status="PASS" starttime="20240823 16:40:09.437" endtime="20240823 16:40:09.438"/>
</kw>
<kw name="Wait Until Element Is Enabled" library="SeleniumLibrary">
<arg>id:inputUsername</arg>
<arg>timeout=10s</arg>
<doc>Waits until the element ``locator`` is enabled.</doc>
<status status="PASS" starttime="20240823 16:40:09.439" endtime="20240823 16:40:09.473"/>
</kw>
<kw name="Input Text" library="SeleniumLibrary">
<arg>id:inputUsername</arg>
<arg>${username}</arg>
<doc>Types the given ``text`` into the text field identified by ``locator``.</doc>
<msg timestamp="20240823 16:40:09.474" level="INFO">Typing text '$USER' into text field 'id:inputUsername'.</msg>
<status status="PASS" starttime="20240823 16:40:09.474" endtime="20240823 16:40:09.576"/>
</kw>
<kw name="Input Password" library="SeleniumLibrary">
<arg>id:inputPassword</arg>
<arg>${password}</arg>
<doc>Types the given password into the text field identified by ``locator``.</doc>
<msg timestamp="20240823 16:40:09.577" level="INFO">Typing password into text field 'id:inputPassword'.</msg>
<msg timestamp="20240823 16:40:09.630" level="INFO">Temporally setting log level to: NONE</msg>
<msg timestamp="20240823 16:40:09.692" level="INFO">Log level changed from NONE to INFO.</msg>
<status status="PASS" starttime="20240823 16:40:09.577" endtime="20240823 16:40:09.693"/>
</kw>
<kw name="Click Element" library="SeleniumLibrary">
<arg>id:signInButton</arg>
<doc>Click the element identified by ``locator``.</doc>
<msg timestamp="20240823 16:40:09.693" level="INFO">Clicking element 'id:signInButton'.</msg>
<status status="PASS" starttime="20240823 16:40:09.693" endtime="20240823 16:40:09.768"/>
</kw>
<kw name="Run Keyword And Return Status" library="BuiltIn">
<var>${user_already_logged_in}</var>
<arg>Wait Until Element Is Visible</arg>
<arg>${proceed_button}</arg>
<arg>10s</arg>
<doc>Runs the given keyword with given arguments and returns the status as a Boolean value.</doc>
<kw name="Wait Until Element Is Visible" library="SeleniumLibrary">
<arg>${proceed_button}</arg>
<arg>10s</arg>
<doc>Waits until the element ``locator`` is visible.</doc>
<status status="PASS" starttime="20240823 16:40:09.769" endtime="20240823 16:40:10.210"/>
</kw>
<msg timestamp="20240823 16:40:10.211" level="INFO">${user_already_logged_in} = True</msg>
<status status="PASS" starttime="20240823 16:40:09.768" endtime="20240823 16:40:10.211"/>
</kw>
<kw name="Run Keyword If" library="BuiltIn">
<arg>${user_already_logged_in}</arg>
<arg>Click Element</arg>
<arg>${proceed_button}</arg>
<doc>Runs the given keyword with the given arguments, if ``condition`` is true.</doc>
<kw name="Click Element" library="SeleniumLibrary">
<arg>${proceed_button}</arg>
<doc>Click the element identified by ``locator``.</doc>
<msg timestamp="20240823 16:40:10.212" level="INFO">Clicking element 'id:proceedButton'.</msg>
<status status="PASS" starttime="20240823 16:40:10.211" endtime="20240823 16:40:10.253"/>
</kw>
<status status="PASS" starttime="20240823 16:40:10.211" endtime="20240823 16:40:10.254"/>
</kw>
<kw name="Wait Until Element Is Visible" library="SeleniumLibrary">
<arg>${logout_angular}</arg>
<arg>timeout=10s</arg>
<doc>Waits until the element ``locator`` is visible.</doc>
<status status="PASS" starttime="20240823 16:40:10.254" endtime="20240823 16:40:13.010"/>
</kw>
<status status="PASS" starttime="20240823 16:40:09.436" endtime="20240823 16:40:13.011"/>
</kw>
<kw name="Sleep" library="BuiltIn">
<arg>10s</arg>
<doc>Pauses the test executed for the given time.</doc>
<msg timestamp="20240823 16:40:23.013" level="INFO">Slept 10 seconds</msg>
<status status="PASS" starttime="20240823 16:40:13.012" endtime="20240823 16:40:23.013"/>
</kw>
<kw name="Logout Angular">
<doc>Execute logout from Tagetik clicking on user avatar on top bar and then on logout button.</doc>
<kw name="Wait Until Element Is Visible" library="SeleniumLibrary">
<arg>${user_avatar}</arg>
<arg>timeout=5s</arg>
<doc>Waits until the element ``locator`` is visible.</doc>
<status status="PASS" starttime="20240823 16:40:23.014" endtime="20240823 16:40:23.054"/>
</kw>
<kw name="Click Element" library="SeleniumLibrary">
<arg>${user_avatar}</arg>
<doc>Click the element identified by ``locator``.</doc>
<msg timestamp="20240823 16:40:23.056" level="INFO">Clicking element 'xpath=//*[@id='tgk-header-avatar-tgkAvatarNoImage' or @id='tgk-header-avatar-tgkAvatar']'.</msg>
<status status="PASS" starttime="20240823 16:40:23.055" endtime="20240823 16:40:23.179"/>
</kw>
<kw name="Wait Until Element Is Visible" library="SeleniumLibrary">
<arg>${logout_angular}</arg>
<arg>timeout=5s</arg>
<doc>Waits until the element ``locator`` is visible.</doc>
<status status="PASS" starttime="20240823 16:40:23.180" endtime="20240823 16:40:23.206"/>
</kw>
<kw name="Wait" library="TGK_Auth_4.15.2">
<arg>0.5s</arg>
<tag>'Selenium v4.16.0'</tag>
<doc>Old Wait a bit..</doc>
<kw name="Run Keyword If" library="BuiltIn">
<arg>'${optional_arg}' != '2s'</arg>
<arg>Log</arg>
<arg>Sleeping for '${optional_arg}'</arg>
<doc>Runs the given keyword with the given arguments, if ``condition`` is true.</doc>
<kw name="Log" library="BuiltIn">
<arg>Sleeping for '${optional_arg}'</arg>
<doc>Logs the given message with the given level.</doc>
<msg timestamp="20240823 16:40:23.211" level="INFO">Sleeping for '0.5s'</msg>
<status status="PASS" starttime="20240823 16:40:23.211" endtime="20240823 16:40:23.211"/>
</kw>
<status status="PASS" starttime="20240823 16:40:23.210" endtime="20240823 16:40:23.212"/>
</kw>
<kw name="Sleep" library="BuiltIn">
<arg>${optional_arg}</arg>
<doc>Pauses the test executed for the given time.</doc>
<msg timestamp="20240823 16:40:23.714" level="INFO">Slept 500 milliseconds</msg>
<status status="PASS" starttime="20240823 16:40:23.212" endtime="20240823 16:40:23.714"/>
</kw>
<status status="PASS" starttime="20240823 16:40:23.209" endtime="20240823 16:40:23.714"/>
</kw>
<kw name="Click Element" library="SeleniumLibrary">
<arg>//span[text()="Logout"]/..</arg>
<doc>Click the element identified by ``locator``.</doc>
<msg timestamp="20240823 16:40:23.715" level="INFO">Clicking element '//span[text()="Logout"]/..'.</msg>
<status status="PASS" starttime="20240823 16:40:23.715" endtime="20240823 16:40:26.285"/>
</kw>
<status status="PASS" starttime="20240823 16:40:23.013" endtime="20240823 16:40:26.285"/>
</kw>
<status status="PASS" starttime="20240823 16:40:03.676" endtime="20240823 16:40:26.285"/>
</kw>
<status status="PASS" starttime="20240823 16:40:03.675" endtime="20240823 16:40:26.286"/>
</test>
<status status="PASS" starttime="20240823 16:40:02.738" endtime="20240823 16:40:26.287"/>
</suite>
<statistics>
<total>
<stat pass="1" fail="0" skip="0">All Tests</stat>
</total>
<tag>
</tag>
<suite>
<stat pass="1" fail="0" skip="0" id="s1" name="Testqa2">Testqa2</stat>
</suite>
</statistics>
<errors>
</errors>
</robot>
